{
  "RSpec": {
    "coverage": {
      "/app/app/helpers/application_helper.rb": {
        "lines": [
          1,
          null
        ]
      },
      "/app/app/services/shlink/base_service.rb": {
        "lines": [
          1,
          1,
          null,
          1,
          1,
          null,
          1,
          1,
          null,
          1,
          32,
          32,
          32,
          null,
          null,
          1,
          null,
          1,
          32,
          32,
          32,
          32,
          null,
          null,
          null,
          1,
          5,
          null,
          4,
          null,
          1,
          1,
          null,
          null,
          null,
          1,
          1,
          1,
          null,
          null,
          1,
          17,
          null,
          null,
          null
        ]
      },
      "/app/app/services/shlink/create_short_url_service.rb": {
        "lines": [
          1,
          1,
          1,
          6,
          6,
          5,
          null,
          1,
          null,
          null,
          1,
          1,
          null,
          null,
          1,
          null,
          1,
          9,
          9,
          9,
          null,
          null,
          1,
          6,
          6,
          6,
          null,
          null,
          null,
          null
        ]
      },
      "/app/app/services/shlink/get_qr_code_service.rb": {
        "lines": [
          1,
          1,
          1,
          8,
          8,
          null,
          8,
          8,
          null,
          3,
          3,
          null,
          2,
          null,
          0,
          null,
          null,
          1,
          1,
          null,
          null,
          1,
          null,
          1,
          8,
          8,
          8,
          3,
          null,
          null,
          1,
          3,
          3,
          3,
          2,
          null,
          null,
          1,
          34,
          11,
          null,
          null,
          1,
          11,
          11,
          null,
          null,
          null,
          1,
          null,
          6,
          null,
          null,
          null,
          null,
          null,
          null
        ]
      },
      "/app/app/controllers/short_urls_controller.rb": {
        "lines": [
          1,
          1,
          19,
          19,
          null,
          null,
          1,
          null,
          null,
          null,
          1,
          17,
          17,
          17,
          null,
          17,
          13,
          13,
          null,
          null,
          null,
          9,
          null,
          9,
          null,
          null,
          9,
          3,
          3,
          null,
          null,
          9,
          9,
          9,
          17,
          null,
          null,
          4,
          4,
          7,
          null,
          null,
          null,
          4,
          4,
          4,
          4,
          7,
          null,
          null,
          null,
          1,
          8,
          8,
          8,
          null,
          8,
          null,
          null,
          null,
          null,
          null,
          6,
          null,
          null,
          null,
          null,
          null,
          2,
          null,
          null,
          1,
          null,
          1,
          18,
          null,
          null
        ]
      },
      "/app/app/controllers/application_controller.rb": {
        "lines": [
          1,
          null,
          1,
          null
        ]
      },
      "/app/app/forms/shorten_form.rb": {
        "lines": [
          1,
          1,
          1,
          null,
          1,
          1,
          1,
          null,
          1,
          null
        ]
      },
      "/app/app/jobs/application_job.rb": {
        "lines": [
          0,
          null,
          null,
          null,
          null,
          null,
          0
        ],
        "branches": {}
      },
      "/app/app/mailers/application_mailer.rb": {
        "lines": [
          0,
          0,
          0,
          0
        ],
        "branches": {}
      },
      "/app/app/models/application_record.rb": {
        "lines": [
          0,
          0,
          0
        ],
        "branches": {}
      }
    },
    "timestamp": 1757041146
  }
}
